2016-10-03 at 18:16:02 CST INFO  org.hibernate.Version 37 logVersion - HHH000412: Hibernate Core {5.0.9.Final}
2016-10-03 at 18:16:02 CST INFO  org.hibernate.cfg.Environment 213 <clinit> - HHH000206: hibernate.properties not found
2016-10-03 at 18:16:02 CST INFO  org.hibernate.cfg.Environment 317 buildBytecodeProvider - HHH000021: Bytecode provider name : javassist
2016-10-03 at 18:16:02 CST INFO  org.hibernate.annotations.common.reflection.java.JavaReflectionManager 66 <clinit> - HCANN000001: Hibernate Commons Annotations {5.0.1.Final}
2016-10-03 at 18:16:03 CST INFO  org.hibernate.dialect.Dialect 156 <init> - HHH000400: Using dialect: org.hibernate.dialect.MySQL5InnoDBDialect
2016-10-03 at 18:16:04 CST INFO  org.hibernate.engine.jdbc.env.internal.LobCreatorBuilderImpl 124 useContextualLobCreation - HHH000424: Disabling contextual LOB creation as createClob() method threw error : java.lang.reflect.InvocationTargetException
2016-10-03 at 18:16:04 CST WARN  org.hibernate.cfg.AnnotationBinder 611 bindClass - HHH000139: Illegal use of @Table in a subclass of a SINGLE_TABLE hierarchy: cn.jagl.aq.domain.UnsafeCondition
2016-10-03 at 18:16:04 CST WARN  org.hibernate.cfg.AnnotationBinder 611 bindClass - HHH000139: Illegal use of @Table in a subclass of a SINGLE_TABLE hierarchy: cn.jagl.aq.domain.UnsafeAct
2016-10-03 at 18:16:05 CST WARN  org.hibernate.resource.transaction.internal.TransactionCoordinatorBuilderInitiator 52 determineStrategySelection - HHH90000018: Found use of deprecated transaction factory setting [hibernate.transaction.factory_class]; use the new TransactionCoordinatorBuilder settings [hibernate.transaction.coordinator_class] instead
2016-10-03 at 18:16:05 CST WARN  org.hibernate.mapping.RootClass 285 checkCompositeIdentifier - HHH000038: Composite-id class does not override equals(): cn.jagl.aq.domain.RoleResource
2016-10-03 at 18:16:05 CST WARN  org.hibernate.mapping.RootClass 288 checkCompositeIdentifier - HHH000039: Composite-id class does not override hashCode(): cn.jagl.aq.domain.RoleResource
2016-10-03 at 18:16:05 CST INFO  org.hibernate.search.engine.Version 26 <clinit> - HSEARCH000034: Hibernate Search 5.5.4.Final
2016-10-03 at 18:16:08 CST INFO  org.hibernate.tool.hbm2ddl.SchemaUpdate 105 execute - HHH000228: Running hbm2ddl schema update
2016-10-03 at 18:16:09 CST INFO  org.hibernate.tool.schema.extract.internal.InformationExtractorJdbcDatabaseMetaDataImpl 365 processGetTableResults - HHH000262: Table not found: department_use_stat
2016-10-03 at 18:16:09 CST INFO  org.hibernate.tool.schema.extract.internal.InformationExtractorJdbcDatabaseMetaDataImpl 365 processGetTableResults - HHH000262: Table not found: department_use_stat
2016-10-03 at 18:16:12 CST INFO  org.hibernate.tool.schema.extract.internal.InformationExtractorJdbcDatabaseMetaDataImpl 365 processGetTableResults - HHH000262: Table not found: person_use_stat
2016-10-03 at 18:16:12 CST INFO  org.hibernate.tool.schema.extract.internal.InformationExtractorJdbcDatabaseMetaDataImpl 365 processGetTableResults - HHH000262: Table not found: person_use_stat
2016-10-03 at 18:16:13 CST INFO  org.hibernate.tool.schema.extract.internal.InformationExtractorJdbcDatabaseMetaDataImpl 365 processGetTableResults - HHH000262: Table not found: resource_use_stat
2016-10-03 at 18:16:13 CST INFO  org.hibernate.tool.schema.extract.internal.InformationExtractorJdbcDatabaseMetaDataImpl 365 processGetTableResults - HHH000262: Table not found: resource_use_stat
2016-10-03 at 18:16:13 CST INFO  org.hibernate.tool.schema.extract.internal.InformationExtractorJdbcDatabaseMetaDataImpl 365 processGetTableResults - HHH000262: Table not found: session_info
2016-10-03 at 18:16:13 CST INFO  org.hibernate.tool.schema.extract.internal.InformationExtractorJdbcDatabaseMetaDataImpl 365 processGetTableResults - HHH000262: Table not found: session_info
2016-10-03 at 18:16:23 CST WARN  org.hibernate.search.engine.impl.ConfigContext 346 getLuceneMatchVersion - HSEARCH000075: Configuration setting hibernate.search.lucene_version was not specified: using LUCENE_CURRENT.
2016-10-03 at 18:16:32 CST INFO  org.hibernate.hql.internal.QueryTranslatorFactoryInitiator 47 initiateService - HHH000397: Using ASTQueryTranslatorFactory
2016-10-03 at 18:16:35 CST INFO  org.apache.struts2.spring.StrutsSpringObjectFactory 76 <init> - Initializing Struts-Spring integration...
2016-10-03 at 18:16:35 CST INFO  com.opensymphony.xwork2.spring.SpringObjectFactory 96 setAutowireStrategy - Setting autowire strategy to name
2016-10-03 at 18:16:35 CST INFO  org.apache.struts2.spring.StrutsSpringObjectFactory 142 <init> - ... initialized Struts-Spring integration successfully
2016-10-03 at 18:16:36 CST WARN  com.opensymphony.xwork2.config.providers.XmlConfigurationProvider 766 buildResults - No default parameter defined for result [json] of type [org.apache.struts2.json.JSONResult] 
2016-10-03 at 18:16:36 CST WARN  com.opensymphony.xwork2.config.providers.XmlConfigurationProvider 766 buildResults - No default parameter defined for result [json] of type [org.apache.struts2.json.JSONResult] 
2016-10-03 at 18:30:08 CST INFO  org.hibernate.Version 37 logVersion - HHH000412: Hibernate Core {5.0.9.Final}
2016-10-03 at 18:30:08 CST INFO  org.hibernate.cfg.Environment 213 <clinit> - HHH000206: hibernate.properties not found
2016-10-03 at 18:30:08 CST INFO  org.hibernate.cfg.Environment 317 buildBytecodeProvider - HHH000021: Bytecode provider name : javassist
2016-10-03 at 18:30:08 CST INFO  org.hibernate.annotations.common.reflection.java.JavaReflectionManager 66 <clinit> - HCANN000001: Hibernate Commons Annotations {5.0.1.Final}
2016-10-03 at 18:30:10 CST INFO  org.hibernate.dialect.Dialect 156 <init> - HHH000400: Using dialect: org.hibernate.dialect.MySQL5InnoDBDialect
2016-10-03 at 18:30:10 CST INFO  org.hibernate.engine.jdbc.env.internal.LobCreatorBuilderImpl 124 useContextualLobCreation - HHH000424: Disabling contextual LOB creation as createClob() method threw error : java.lang.reflect.InvocationTargetException
2016-10-03 at 18:30:11 CST WARN  org.hibernate.cfg.AnnotationBinder 611 bindClass - HHH000139: Illegal use of @Table in a subclass of a SINGLE_TABLE hierarchy: cn.jagl.aq.domain.UnsafeCondition
2016-10-03 at 18:30:11 CST WARN  org.hibernate.cfg.AnnotationBinder 611 bindClass - HHH000139: Illegal use of @Table in a subclass of a SINGLE_TABLE hierarchy: cn.jagl.aq.domain.UnsafeAct
2016-10-03 at 18:30:11 CST WARN  org.hibernate.resource.transaction.internal.TransactionCoordinatorBuilderInitiator 52 determineStrategySelection - HHH90000018: Found use of deprecated transaction factory setting [hibernate.transaction.factory_class]; use the new TransactionCoordinatorBuilder settings [hibernate.transaction.coordinator_class] instead
2016-10-03 at 18:30:11 CST WARN  org.hibernate.mapping.RootClass 285 checkCompositeIdentifier - HHH000038: Composite-id class does not override equals(): cn.jagl.aq.domain.RoleResource
2016-10-03 at 18:30:11 CST WARN  org.hibernate.mapping.RootClass 288 checkCompositeIdentifier - HHH000039: Composite-id class does not override hashCode(): cn.jagl.aq.domain.RoleResource
2016-10-03 at 18:30:11 CST INFO  org.hibernate.search.engine.Version 26 <clinit> - HSEARCH000034: Hibernate Search 5.5.4.Final
2016-10-03 at 18:30:14 CST INFO  org.hibernate.tool.hbm2ddl.SchemaUpdate 105 execute - HHH000228: Running hbm2ddl schema update
2016-10-03 at 18:30:18 CST WARN  org.hibernate.search.engine.impl.ConfigContext 346 getLuceneMatchVersion - HSEARCH000075: Configuration setting hibernate.search.lucene_version was not specified: using LUCENE_CURRENT.
2016-10-03 at 18:30:23 CST INFO  org.hibernate.hql.internal.QueryTranslatorFactoryInitiator 47 initiateService - HHH000397: Using ASTQueryTranslatorFactory
2016-10-03 at 18:30:26 CST INFO  org.apache.struts2.spring.StrutsSpringObjectFactory 76 <init> - Initializing Struts-Spring integration...
2016-10-03 at 18:30:26 CST INFO  com.opensymphony.xwork2.spring.SpringObjectFactory 96 setAutowireStrategy - Setting autowire strategy to name
2016-10-03 at 18:30:26 CST INFO  org.apache.struts2.spring.StrutsSpringObjectFactory 142 <init> - ... initialized Struts-Spring integration successfully
2016-10-03 at 18:30:29 CST WARN  com.opensymphony.xwork2.config.providers.XmlConfigurationProvider 766 buildResults - No default parameter defined for result [json] of type [org.apache.struts2.json.JSONResult] 
2016-10-03 at 18:30:29 CST WARN  com.opensymphony.xwork2.config.providers.XmlConfigurationProvider 766 buildResults - No default parameter defined for result [json] of type [org.apache.struts2.json.JSONResult] 
